# JRE version: OpenJDK Runtime Environment (8.0_252-b09) (build 1.8.0_252-8u252-b09-1~18.04-b09)
# Java VM: OpenJDK 64-Bit Server VM (25.252-b09 mixed mode linux-amd64 compressed oops)
Heap:
 PSYoungGen      total 247296K, used 0K [0x00000000e0000000, 0x00000000f7680000, 0x0000000100000000)
  eden space 200192K, 0% used [0x00000000e0000000,0x00000000e0000000,0x00000000ec380000)
  from space 47104K, 0% used [0x00000000ec380000,0x00000000ec380000,0x00000000ef180000)
  to   space 73216K, 0% used [0x00000000f2f00000,0x00000000f2f00000,0x00000000f7680000)
 ParOldGen       total 161280K, used 137745K [0x00000000a0000000, 0x00000000a9d80000, 0x00000000e0000000)
  object space 161280K, 85% used [0x00000000a0000000,0x00000000a86844f8,0x00000000a9d80000)
 Metaspace       used 108547K, capacity 114746K, committed 123096K, reserved 1157120K
  class space    used 13716K, capacity 14851K, committed 16344K, reserved 1048576K
GC Heap History (10 events):
Event: 10802,451 GC heap after
Heap after GC invocations=60 (full 5):
 PSYoungGen      total 207360K, used 12158K [0x00000000e0000000, 0x00000000ef180000, 0x0000000100000000)
  eden space 175616K, 0% used [0x00000000e0000000,0x00000000e0000000,0x00000000eab80000)
  from space 31744K, 38% used [0x00000000eab80000,0x00000000eb75f818,0x00000000eca80000)
  to   space 31232K, 0% used [0x00000000ed300000,0x00000000ed300000,0x00000000ef180000)
 ParOldGen       total 161280K, used 74962K [0x00000000a0000000, 0x00000000a9d80000, 0x00000000e0000000)
  object space 161280K, 46% used [0x00000000a0000000,0x00000000a4934a78,0x00000000a9d80000)
 Metaspace       used 108243K, capacity 115252K, committed 122712K, reserved 1155072K
  class space    used 13807K, capacity 15103K, committed 16216K, reserved 1048576K
}
Event: 10828,784 GC heap before
{Heap before GC invocations=61 (full 5):
 PSYoungGen      total 207360K, used 187774K [0x00000000e0000000, 0x00000000ef180000, 0x0000000100000000)
  eden space 175616K, 100% used [0x00000000e0000000,0x00000000eab80000,0x00000000eab80000)
  from space 31744K, 38% used [0x00000000eab80000,0x00000000eb75f818,0x00000000eca80000)
  to   space 31232K, 0% used [0x00000000ed300000,0x00000000ed300000,0x00000000ef180000)
 ParOldGen       total 161280K, used 74962K [0x00000000a0000000, 0x00000000a9d80000, 0x00000000e0000000)
  object space 161280K, 46% used [0x00000000a0000000,0x00000000a4934a78,0x00000000a9d80000)
 Metaspace       used 108342K, capacity 115280K, committed 122968K, reserved 1157120K
  class space    used 13815K, capacity 15109K, committed 16216K, reserved 1048576K
Event: 10828,822 GC heap after
Heap after GC invocations=61 (full 5):
 PSYoungGen      total 217088K, used 17184K [0x00000000e0000000, 0x00000000ef500000, 0x0000000100000000)
  eden space 185856K, 0% used [0x00000000e0000000,0x00000000e0000000,0x00000000eb580000)
  from space 31232K, 55% used [0x00000000ed300000,0x00000000ee3c83c8,0x00000000ef180000)
  to   space 30208K, 0% used [0x00000000eb580000,0x00000000eb580000,0x00000000ed300000)
 ParOldGen       total 161280K, used 74962K [0x00000000a0000000, 0x00000000a9d80000, 0x00000000e0000000)
  object space 161280K, 46% used [0x00000000a0000000,0x00000000a4934a78,0x00000000a9d80000)
 Metaspace       used 108342K, capacity 115280K, committed 122968K, reserved 1157120K
  class space    used 13815K, capacity 15109K, committed 16216K, reserved 1048576K
}
Event: 10836,425 GC heap before
{Heap before GC invocations=62 (full 5):
 PSYoungGen      total 217088K, used 203040K [0x00000000e0000000, 0x00000000ef500000, 0x0000000100000000)
  eden space 185856K, 100% used [0x00000000e0000000,0x00000000eb580000,0x00000000eb580000)
  from space 31232K, 55% used [0x00000000ed300000,0x00000000ee3c83c8,0x00000000ef180000)
  to   space 30208K, 0% used [0x00000000eb580000,0x00000000eb580000,0x00000000ed300000)
 ParOldGen       total 161280K, used 74962K [0x00000000a0000000, 0x00000000a9d80000, 0x00000000e0000000)
  object space 161280K, 46% used [0x00000000a0000000,0x00000000a4934a78,0x00000000a9d80000)
 Metaspace       used 109185K, capacity 116192K, committed 122968K, reserved 1157120K
  class space    used 13903K, capacity 15245K, committed 16216K, reserved 1048576K
Event: 10836,505 GC heap after
Heap after GC invocations=62 (full 5):
 PSYoungGen      total 216064K, used 30185K [0x00000000e0000000, 0x00000000f1c00000, 0x0000000100000000)
  eden space 185856K, 0% used [0x00000000e0000000,0x00000000e0000000,0x00000000eb580000)
  from space 30208K, 99% used [0x00000000eb580000,0x00000000ed2fa720,0x00000000ed300000)
  to   space 43520K, 0% used [0x00000000ef180000,0x00000000ef180000,0x00000000f1c00000)
 ParOldGen       total 161280K, used 100653K [0x00000000a0000000, 0x00000000a9d80000, 0x00000000e0000000)
  object space 161280K, 62% used [0x00000000a0000000,0x00000000a624b478,0x00000000a9d80000)
 Metaspace       used 109185K, capacity 116192K, committed 122968K, reserved 1157120K
  class space    used 13903K, capacity 15245K, committed 16216K, reserved 1048576K
}
Event: 10854,536 GC heap before
{Heap before GC invocations=63 (full 5):
 PSYoungGen      total 216064K, used 216041K [0x00000000e0000000, 0x00000000f1c00000, 0x0000000100000000)
  eden space 185856K, 100% used [0x00000000e0000000,0x00000000eb580000,0x00000000eb580000)
  from space 30208K, 99% used [0x00000000eb580000,0x00000000ed2fa720,0x00000000ed300000)
  to   space 43520K, 0% used [0x00000000ef180000,0x00000000ef180000,0x00000000f1c00000)
 ParOldGen       total 161280K, used 100653K [0x00000000a0000000, 0x00000000a9d80000, 0x00000000e0000000)
  object space 161280K, 62% used [0x00000000a0000000,0x00000000a624b478,0x00000000a9d80000)
 Metaspace       used 110447K, capacity 117596K, committed 123096K, reserved 1157120K
  class space    used 14029K, capacity 15379K, committed 16344K, reserved 1048576K
Event: 10854,712 GC heap after
Heap after GC invocations=63 (full 5):
 PSYoungGen      total 243712K, used 36513K [0x00000000e0000000, 0x00000000f2480000, 0x0000000100000000)
  eden space 200192K, 0% used [0x00000000e0000000,0x00000000e0000000,0x00000000ec380000)
  from space 43520K, 83% used [0x00000000ef180000,0x00000000f1528580,0x00000000f1c00000)
  to   space 47104K, 0% used [0x00000000ec380000,0x00000000ec380000,0x00000000ef180000)
 ParOldGen       total 161280K, used 100661K [0x00000000a0000000, 0x00000000a9d80000, 0x00000000e0000000)
  object space 161280K, 62% used [0x00000000a0000000,0x00000000a624d478,0x00000000a9d80000)
 Metaspace       used 110447K, capacity 117596K, committed 123096K, reserved 1157120K
  class space    used 14029K, capacity 15379K, committed 16344K, reserved 1048576K
}
Event: 10862,375 GC heap before
{Heap before GC invocations=64 (full 5):
 PSYoungGen      total 243712K, used 236705K [0x00000000e0000000, 0x00000000f2480000, 0x0000000100000000)
  eden space 200192K, 100% used [0x00000000e0000000,0x00000000ec380000,0x00000000ec380000)
  from space 43520K, 83% used [0x00000000ef180000,0x00000000f1528580,0x00000000f1c00000)
  to   space 47104K, 0% used [0x00000000ec380000,0x00000000ec380000,0x00000000ef180000)
 ParOldGen       total 161280K, used 100661K [0x00000000a0000000, 0x00000000a9d80000, 0x00000000e0000000)
  object space 161280K, 62% used [0x00000000a0000000,0x00000000a624d478,0x00000000a9d80000)
 Metaspace       used 110525K, capacity 117664K, committed 123096K, reserved 1157120K
  class space    used 14029K, capacity 15379K, committed 16344K, reserved 1048576K
Event: 10871,750 GC heap after
Heap after GC invocations=64 (full 5):
 PSYoungGen      total 247296K, used 47101K [0x00000000e0000000, 0x00000000f7680000, 0x0000000100000000)
  eden space 200192K, 0% used [0x00000000e0000000,0x00000000e0000000,0x00000000ec380000)
  from space 47104K, 99% used [0x00000000ec380000,0x00000000ef17f680,0x00000000ef180000)
  to   space 73216K, 0% used [0x00000000f2f00000,0x00000000f2f00000,0x00000000f7680000)
 ParOldGen       total 161280K, used 152652K [0x00000000a0000000, 0x00000000a9d80000, 0x00000000e0000000)
  object space 161280K, 94% used [0x00000000a0000000,0x00000000a9513350,0x00000000a9d80000)
 Metaspace       used 110525K, capacity 117664K, committed 123096K, reserved 1157120K
  class space    used 14029K, capacity 15379K, committed 16344K, reserved 1048576K
}
Event: 10875,322 GC heap before
{Heap before GC invocations=65 (full 6):
 PSYoungGen      total 247296K, used 47101K [0x00000000e0000000, 0x00000000f7680000, 0x0000000100000000)
  eden space 200192K, 0% used [0x00000000e0000000,0x00000000e0000000,0x00000000ec380000)
  from space 47104K, 99% used [0x00000000ec380000,0x00000000ef17f680,0x00000000ef180000)
  to   space 73216K, 0% used [0x00000000f2f00000,0x00000000f2f00000,0x00000000f7680000)
 ParOldGen       total 161280K, used 152652K [0x00000000a0000000, 0x00000000a9d80000, 0x00000000e0000000)
  object space 161280K, 94% used [0x00000000a0000000,0x00000000a9513350,0x00000000a9d80000)
 Metaspace       used 110525K, capacity 117664K, committed 123096K, reserved 1157120K
  class space    used 14029K, capacity 15379K, committed 16344K, reserved 1048576K

